app/build/intermediates/manifest_merge_blame_file/debug/manifest-merger-blame-debug-report.txt
1<?xml version="1.0" encoding="utf-8"?>
2<manifest xmlns:android="http://schemas.android.com/apk/res/android"
3    package="com.app.foodordermanagement"
4    android:versionCode="1"
5    android:versionName="1.0" >
6
7    <uses-sdk
8        android:minSdkVersion="23"
8-->src\main\AndroidManifest.xml
9        android:targetSdkVersion="31" />
9-->src\main\AndroidManifest.xml
10
11    <uses-feature
11-->src\main\AndroidManifest.xml:6:5-8:36
12        android:name="android.hardware.telephony"
12-->src\main\AndroidManifest.xml:7:9-50
13        android:required="false" />
13-->src\main\AndroidManifest.xml:8:9-33
14
15    <uses-permission android:name="android.permission.INTERNET" />
15-->src\main\AndroidManifest.xml:10:5-67
15-->src\main\AndroidManifest.xml:10:22-64
16    <uses-permission android:name="android.permission.CALL_PHONE" />
16-->src\main\AndroidManifest.xml:11:5-69
16-->src\main\AndroidManifest.xml:11:22-66
17
18    <queries>
18-->src\main\AndroidManifest.xml:13:5-19:15
19        <intent>
19-->src\main\AndroidManifest.xml:14:9-18:18
20            <action android:name="android.intent.action.VIEW" />
20-->src\main\AndroidManifest.xml:15:13-64
20-->src\main\AndroidManifest.xml:15:21-62
21
22            <category android:name="android.intent.category.DEFAULT" />
22-->src\main\AndroidManifest.xml:16:13-71
22-->src\main\AndroidManifest.xml:16:23-69
23
24            <data android:scheme="https" />
24-->src\main\AndroidManifest.xml:17:13-44
24-->src\main\AndroidManifest.xml:17:19-41
25        </intent>
26
27        <package android:name="vn.com.vng.zalopay.sb1" />
27-->[zpdk-release-v3.1.aar] AndroidManifest.xml:10:9-58
27-->[zpdk-release-v3.1.aar] AndroidManifest.xml:10:18-55
28        <package android:name="vn.com.vng.zalopay" />
28-->[zpdk-release-v3.1.aar] AndroidManifest.xml:11:9-54
28-->[zpdk-release-v3.1.aar] AndroidManifest.xml:11:18-51
29        <package android:name="com.zing.zalo" />
29-->[zpdk-release-v3.1.aar] AndroidManifest.xml:12:9-49
29-->[zpdk-release-v3.1.aar] AndroidManifest.xml:12:18-46
30    </queries>
31
32    <!-- Although the *SdkVersion is captured in gradle build files, this is required for non gradle builds -->
33    <!-- <uses-sdk android:minSdkVersion="14"/> -->
34    <uses-permission android:name="android.permission.ACCESS_NETWORK_STATE" />
34-->[com.google.firebase:firebase-database:20.1.0] AndroidManifest.xml:24:5-79
34-->[com.google.firebase:firebase-database:20.1.0] AndroidManifest.xml:24:22-76
35
36    <application
36-->src\main\AndroidManifest.xml:21:5-115:19
37        android:name="com.app.foodordermanagement.MyApplication"
37-->src\main\AndroidManifest.xml:22:9-65
38        android:allowBackup="false"
38-->src\main\AndroidManifest.xml:23:9-36
39        android:appComponentFactory="androidx.core.app.CoreComponentFactory"
39-->[androidx.core:core:1.3.2] AndroidManifest.xml:24:18-86
40        android:debuggable="true"
41        android:extractNativeLibs="false"
42        android:fitsSystemWindows="true"
42-->src\main\AndroidManifest.xml:25:9-41
43        android:hardwareAccelerated="true"
43-->src\main\AndroidManifest.xml:26:9-43
44        android:icon="@drawable/ic_foodlogo_new_icon_app"
44-->src\main\AndroidManifest.xml:27:9-58
45        android:label="@string/app_name"
45-->src\main\AndroidManifest.xml:28:9-41
46        android:roundIcon="@mipmap/ic_launcherfoodlogo_round"
46-->src\main\AndroidManifest.xml:29:9-62
47        android:supportsRtl="true"
47-->src\main\AndroidManifest.xml:30:9-35
48        android:testOnly="true"
49        android:theme="@style/AppTheme"
49-->src\main\AndroidManifest.xml:31:9-40
50        android:usesCleartextTraffic="true" >
50-->src\main\AndroidManifest.xml:32:9-44
51        <activity
51-->src\main\AndroidManifest.xml:34:9-42:20
52            android:name="com.app.foodordermanagement.activity.SplashActivity"
52-->src\main\AndroidManifest.xml:36:13-79
53            android:exported="true" >
53-->src\main\AndroidManifest.xml:35:13-36
54            <intent-filter>
54-->src\main\AndroidManifest.xml:37:13-41:29
55                <action android:name="android.intent.action.MAIN" />
55-->src\main\AndroidManifest.xml:38:17-39:65
55-->src\main\AndroidManifest.xml:39:21-62
56
57                <category android:name="android.intent.category.LAUNCHER" />
57-->src\main\AndroidManifest.xml:40:17-77
57-->src\main\AndroidManifest.xml:40:27-74
58            </intent-filter>
59        </activity>
60        <activity
60-->src\main\AndroidManifest.xml:44:9-46:80
61            android:name="com.app.foodordermanagement.activity.MainActivity"
61-->src\main\AndroidManifest.xml:46:13-77
62            android:exported="false" />
62-->src\main\AndroidManifest.xml:45:13-37
63        <activity
63-->src\main\AndroidManifest.xml:48:9-50:81
64            android:name="com.app.foodordermanagement.activity.LoginActivity"
64-->src\main\AndroidManifest.xml:50:13-78
65            android:exported="false" />
65-->src\main\AndroidManifest.xml:49:13-37
66        <activity
66-->src\main\AndroidManifest.xml:52:9-54:84
67            android:name="com.app.foodordermanagement.activity.RegisterActivity"
67-->src\main\AndroidManifest.xml:54:13-81
68            android:exported="false" />
68-->src\main\AndroidManifest.xml:53:13-37
69        <activity
69-->src\main\AndroidManifest.xml:56:9-58:86
70            android:name="com.app.foodordermanagement.activity.FoodDetailActivity"
70-->src\main\AndroidManifest.xml:58:13-83
71            android:exported="false" />
71-->src\main\AndroidManifest.xml:57:13-37
72        <activity
72-->src\main\AndroidManifest.xml:60:9-62:83
73            android:name="com.app.foodordermanagement.activity.VoucherActivity"
73-->src\main\AndroidManifest.xml:62:13-80
74            android:exported="false" />
74-->src\main\AndroidManifest.xml:61:13-37
75        <activity
75-->src\main\AndroidManifest.xml:64:9-66:88
76            android:name="com.app.foodordermanagement.activity.RatingReviewActivity"
76-->src\main\AndroidManifest.xml:66:13-85
77            android:exported="false" />
77-->src\main\AndroidManifest.xml:65:13-37
78        <activity
78-->src\main\AndroidManifest.xml:68:9-70:89
79            android:name="com.app.foodordermanagement.activity.PaymentMethodActivity"
79-->src\main\AndroidManifest.xml:70:13-86
80            android:exported="false" />
80-->src\main\AndroidManifest.xml:69:13-37
81        <activity
81-->src\main\AndroidManifest.xml:72:9-85:20
82            android:name="com.app.foodordermanagement.activity.CartActivity"
82-->src\main\AndroidManifest.xml:74:13-77
83            android:exported="true"
83-->src\main\AndroidManifest.xml:73:13-36
84            android:label="Merchant Demo"
84-->src\main\AndroidManifest.xml:75:13-42
85            android:launchMode="singleTask" >
85-->src\main\AndroidManifest.xml:76:13-44
86            <intent-filter>
86-->src\main\AndroidManifest.xml:77:13-84:29
87                <action android:name="android.intent.action.VIEW" />
87-->src\main\AndroidManifest.xml:15:13-64
87-->src\main\AndroidManifest.xml:15:21-62
88
89                <category android:name="android.intent.category.DEFAULT" />
89-->src\main\AndroidManifest.xml:16:13-71
89-->src\main\AndroidManifest.xml:16:23-69
90                <category android:name="android.intent.category.BROWSABLE" />
90-->src\main\AndroidManifest.xml:80:17-78
90-->src\main\AndroidManifest.xml:80:27-75
91
92                <data
92-->src\main\AndroidManifest.xml:17:13-44
93                    android:host="app"
93-->src\main\AndroidManifest.xml:83:21-39
94                    android:scheme="demozpdk" />
94-->src\main\AndroidManifest.xml:17:19-41
95            </intent-filter>
96        </activity>
97        <activity
97-->src\main\AndroidManifest.xml:87:9-89:83
98            android:name="com.app.foodordermanagement.activity.PaymentActivity"
98-->src\main\AndroidManifest.xml:89:13-80
99            android:exported="false" />
99-->src\main\AndroidManifest.xml:88:13-37
100        <activity
100-->src\main\AndroidManifest.xml:91:9-93:88
101            android:name="com.app.foodordermanagement.activity.ReceiptOrderActivity"
101-->src\main\AndroidManifest.xml:93:13-85
102            android:exported="false" />
102-->src\main\AndroidManifest.xml:92:13-37
103        <activity
103-->src\main\AndroidManifest.xml:95:9-97:89
104            android:name="com.app.foodordermanagement.activity.TrackingOrderActivity"
104-->src\main\AndroidManifest.xml:97:13-86
105            android:exported="false" />
105-->src\main\AndroidManifest.xml:96:13-37
106        <activity
106-->src\main\AndroidManifest.xml:99:9-101:90
107            android:name="com.app.foodordermanagement.activity.ChangePasswordActivity"
107-->src\main\AndroidManifest.xml:101:13-87
108            android:exported="false" />
108-->src\main\AndroidManifest.xml:100:13-37
109        <activity
109-->src\main\AndroidManifest.xml:103:9-105:83
110            android:name="com.app.foodordermanagement.activity.ContactActivity"
110-->src\main\AndroidManifest.xml:105:13-80
111            android:exported="false" />
111-->src\main\AndroidManifest.xml:104:13-37
112        <activity
112-->src\main\AndroidManifest.xml:107:9-109:84
113            android:name="com.app.foodordermanagement.activity.FeedbackActivity"
113-->src\main\AndroidManifest.xml:109:13-81
114            android:exported="false" />
114-->src\main\AndroidManifest.xml:108:13-37
115        <activity
115-->src\main\AndroidManifest.xml:112:9-114:83
116            android:name="com.app.foodordermanagement.activity.AddressActivity"
116-->src\main\AndroidManifest.xml:114:13-80
117            android:exported="false" />
117-->src\main\AndroidManifest.xml:113:13-37
118
119        <service
119-->[com.google.firebase:firebase-database:20.1.0] AndroidManifest.xml:28:9-34:19
120            android:name="com.google.firebase.components.ComponentDiscoveryService"
120-->[com.google.firebase:firebase-database:20.1.0] AndroidManifest.xml:29:13-84
121            android:directBootAware="true"
121-->[com.google.firebase:firebase-common:20.2.0] AndroidManifest.xml:34:13-43
122            android:exported="false" >
122-->[com.google.firebase:firebase-database:20.1.0] AndroidManifest.xml:30:13-37
123            <meta-data
123-->[com.google.firebase:firebase-database:20.1.0] AndroidManifest.xml:31:13-33:85
124                android:name="com.google.firebase.components:com.google.firebase.database.DatabaseRegistrar"
124-->[com.google.firebase:firebase-database:20.1.0] AndroidManifest.xml:32:17-109
125                android:value="com.google.firebase.components.ComponentRegistrar" />
125-->[com.google.firebase:firebase-database:20.1.0] AndroidManifest.xml:33:17-82
126            <meta-data
126-->[com.google.firebase:firebase-auth:21.1.0] AndroidManifest.xml:67:13-69:85
127                android:name="com.google.firebase.components:com.google.firebase.auth.FirebaseAuthRegistrar"
127-->[com.google.firebase:firebase-auth:21.1.0] AndroidManifest.xml:68:17-109
128                android:value="com.google.firebase.components.ComponentRegistrar" />
128-->[com.google.firebase:firebase-auth:21.1.0] AndroidManifest.xml:69:17-82
129        </service>
130
131        <activity
131-->[com.google.firebase:firebase-auth:21.1.0] AndroidManifest.xml:27:9-44:20
132            android:name="com.google.firebase.auth.internal.GenericIdpActivity"
132-->[com.google.firebase:firebase-auth:21.1.0] AndroidManifest.xml:28:13-80
133            android:excludeFromRecents="true"
133-->[com.google.firebase:firebase-auth:21.1.0] AndroidManifest.xml:29:13-46
134            android:exported="true"
134-->[com.google.firebase:firebase-auth:21.1.0] AndroidManifest.xml:30:13-36
135            android:launchMode="singleTask"
135-->[com.google.firebase:firebase-auth:21.1.0] AndroidManifest.xml:31:13-44
136            android:theme="@android:style/Theme.Translucent.NoTitleBar" >
136-->[com.google.firebase:firebase-auth:21.1.0] AndroidManifest.xml:32:13-72
137            <intent-filter>
137-->[com.google.firebase:firebase-auth:21.1.0] AndroidManifest.xml:33:13-43:29
138                <action android:name="android.intent.action.VIEW" />
138-->src\main\AndroidManifest.xml:15:13-64
138-->src\main\AndroidManifest.xml:15:21-62
139
140                <category android:name="android.intent.category.DEFAULT" />
140-->src\main\AndroidManifest.xml:16:13-71
140-->src\main\AndroidManifest.xml:16:23-69
141                <category android:name="android.intent.category.BROWSABLE" />
141-->src\main\AndroidManifest.xml:80:17-78
141-->src\main\AndroidManifest.xml:80:27-75
142
143                <data
143-->src\main\AndroidManifest.xml:17:13-44
144                    android:host="firebase.auth"
144-->src\main\AndroidManifest.xml:83:21-39
145                    android:path="/"
146                    android:scheme="genericidp" />
146-->src\main\AndroidManifest.xml:17:19-41
147            </intent-filter>
148        </activity>
149        <activity
149-->[com.google.firebase:firebase-auth:21.1.0] AndroidManifest.xml:45:9-62:20
150            android:name="com.google.firebase.auth.internal.RecaptchaActivity"
150-->[com.google.firebase:firebase-auth:21.1.0] AndroidManifest.xml:46:13-79
151            android:excludeFromRecents="true"
151-->[com.google.firebase:firebase-auth:21.1.0] AndroidManifest.xml:47:13-46
152            android:exported="true"
152-->[com.google.firebase:firebase-auth:21.1.0] AndroidManifest.xml:48:13-36
153            android:launchMode="singleTask"
153-->[com.google.firebase:firebase-auth:21.1.0] AndroidManifest.xml:49:13-44
154            android:theme="@android:style/Theme.Translucent.NoTitleBar" >
154-->[com.google.firebase:firebase-auth:21.1.0] AndroidManifest.xml:50:13-72
155            <intent-filter>
155-->[com.google.firebase:firebase-auth:21.1.0] AndroidManifest.xml:51:13-61:29
156                <action android:name="android.intent.action.VIEW" />
156-->src\main\AndroidManifest.xml:15:13-64
156-->src\main\AndroidManifest.xml:15:21-62
157
158                <category android:name="android.intent.category.DEFAULT" />
158-->src\main\AndroidManifest.xml:16:13-71
158-->src\main\AndroidManifest.xml:16:23-69
159                <category android:name="android.intent.category.BROWSABLE" />
159-->src\main\AndroidManifest.xml:80:17-78
159-->src\main\AndroidManifest.xml:80:27-75
160
161                <data
161-->src\main\AndroidManifest.xml:17:13-44
162                    android:host="firebase.auth"
162-->src\main\AndroidManifest.xml:83:21-39
163                    android:path="/"
164                    android:scheme="recaptcha" />
164-->src\main\AndroidManifest.xml:17:19-41
165            </intent-filter>
166        </activity>
167
168        <service
168-->[androidx.room:room-runtime:2.2.5] AndroidManifest.xml:25:9-28:40
169            android:name="androidx.room.MultiInstanceInvalidationService"
169-->[androidx.room:room-runtime:2.2.5] AndroidManifest.xml:26:13-74
170            android:directBootAware="true"
170-->[androidx.room:room-runtime:2.2.5] AndroidManifest.xml:27:13-43
171            android:exported="false" />
171-->[androidx.room:room-runtime:2.2.5] AndroidManifest.xml:28:13-37
172
173        <provider
173-->[com.google.firebase:firebase-common:20.2.0] AndroidManifest.xml:25:9-30:39
174            android:name="com.google.firebase.provider.FirebaseInitProvider"
174-->[com.google.firebase:firebase-common:20.2.0] AndroidManifest.xml:26:13-77
175            android:authorities="com.app.foodordermanagement.firebaseinitprovider"
175-->[com.google.firebase:firebase-common:20.2.0] AndroidManifest.xml:27:13-72
176            android:directBootAware="true"
176-->[com.google.firebase:firebase-common:20.2.0] AndroidManifest.xml:28:13-43
177            android:exported="false"
177-->[com.google.firebase:firebase-common:20.2.0] AndroidManifest.xml:29:13-37
178            android:initOrder="100" />
178-->[com.google.firebase:firebase-common:20.2.0] AndroidManifest.xml:30:13-36
179
180        <activity
180-->[com.google.android.gms:play-services-base:18.0.1] AndroidManifest.xml:20:9-22:45
181            android:name="com.google.android.gms.common.api.GoogleApiActivity"
181-->[com.google.android.gms:play-services-base:18.0.1] AndroidManifest.xml:20:19-85
182            android:exported="false"
182-->[com.google.android.gms:play-services-base:18.0.1] AndroidManifest.xml:22:19-43
183            android:theme="@android:style/Theme.Translucent.NoTitleBar" />
183-->[com.google.android.gms:play-services-base:18.0.1] AndroidManifest.xml:21:19-78
184
185        <meta-data
185-->[com.google.android.gms:play-services-basement:18.1.0] AndroidManifest.xml:21:9-23:69
186            android:name="com.google.android.gms.version"
186-->[com.google.android.gms:play-services-basement:18.1.0] AndroidManifest.xml:22:13-58
187            android:value="@integer/google_play_services_version" />
187-->[com.google.android.gms:play-services-basement:18.1.0] AndroidManifest.xml:23:13-66
188    </application>
189
190</manifest>